TN:
SF:/home/silent/git/libs/v6.js/core/ShaderProgram.js
FN:40,ShaderProgram
FN:100,getAttribute
FN:136,getUniform
FN:179,setAttribute
FN:195,setUniform
FN:260,use
FNF:6
FNH:1
FNDA:1,ShaderProgram
FNDA:0,getAttribute
FNDA:0,getUniform
FNDA:0,setAttribute
FNDA:0,setUniform
FNDA:0,use
DA:23,1
DA:24,1
DA:41,1
DA:42,1
DA:49,1
DA:56,1
DA:64,1
DA:72,1
DA:80,1
DA:88,1
DA:91,1
DA:101,0
DA:104,0
DA:105,0
DA:108,0
DA:109,0
DA:111,0
DA:118,0
DA:120,0
DA:121,0
DA:125,0
DA:137,0
DA:141,0
DA:142,0
DA:145,0
DA:146,0
DA:148,0
DA:154,0
DA:155,0
DA:157,0
DA:160,0
DA:162,0
DA:163,0
DA:167,0
DA:180,0
DA:181,0
DA:182,0
DA:183,0
DA:196,0
DA:197,0
DA:199,0
DA:202,0
DA:203,0
DA:205,0
DA:207,0
DA:209,0
DA:210,0
DA:212,0
DA:214,0
DA:216,0
DA:217,0
DA:219,0
DA:220,0
DA:222,0
DA:223,0
DA:225,0
DA:226,0
DA:228,0
DA:230,0
DA:232,0
DA:233,0
DA:235,0
DA:237,0
DA:239,0
DA:240,0
DA:242,0
DA:244,0
DA:246,0
DA:249,0
DA:261,0
DA:262,0
DA:268,1
LF:72
LH:12
BRDA:104,0,0,0
BRDA:104,0,1,0
BRDA:120,1,0,0
BRDA:120,1,1,0
BRDA:141,2,0,0
BRDA:141,2,1,0
BRDA:154,3,0,0
BRDA:154,3,1,0
BRDA:154,4,0,0
BRDA:154,4,1,0
BRDA:162,5,0,0
BRDA:162,5,1,0
BRDA:199,6,0,0
BRDA:199,6,1,0
BRDA:199,6,2,0
BRDA:199,6,3,0
BRDA:199,6,4,0
BRDA:199,6,5,0
BRDA:199,6,6,0
BRDA:199,6,7,0
BRDA:199,6,8,0
BRDA:199,6,9,0
BRDA:202,7,0,0
BRDA:202,7,1,0
BRDA:209,8,0,0
BRDA:209,8,1,0
BRDA:225,9,0,0
BRDA:225,9,1,0
BRDA:232,10,0,0
BRDA:232,10,1,0
BRDA:239,11,0,0
BRDA:239,11,1,0
BRF:32
BRH:0
end_of_record
TN:
SF:/home/silent/git/libs/v6.js/core/internal/create_program.js
FN:13,createProgram
FNF:1
FNH:1
FNDA:1,createProgram
DA:14,1
DA:16,1
DA:17,1
DA:18,1
DA:20,1
DA:21,0
DA:24,1
DA:26,1
DA:27,0
DA:30,1
DA:33,1
LF:11
LH:9
BRDA:20,0,0,0
BRDA:20,0,1,1
BRDA:26,1,0,0
BRDA:26,1,1,1
BRF:4
BRH:2
end_of_record
TN:
SF:/home/silent/git/libs/v6.js/core/internal/create_shader.js
FN:13,createShader
FNF:1
FNH:1
FNDA:2,createShader
DA:14,2
DA:16,2
DA:17,2
DA:19,2
DA:20,0
DA:23,2
DA:26,1
LF:7
LH:6
BRDA:19,0,0,0
BRDA:19,0,1,2
BRF:2
BRH:1
end_of_record
TN:
SF:/home/silent/git/libs/v6.js/core/Ticker.js
FN:28,Ticker
FN:45,start
FN:87,set
FN:105,get
FN:114,clear
FN:131,stop
FN:136,isInvalidSetting
FNF:7
FNH:6
FNDA:8,Ticker
FNDA:13,start
FNDA:11,set
FNDA:5,get
FNDA:0,clear
FNDA:10,stop
FNDA:16,isInvalidSetting
DA:2,1
DA:3,1
DA:4,1
DA:29,8
DA:30,8
DA:31,8
DA:32,8
DA:33,8
DA:34,8
DA:35,8
DA:36,8
DA:48,13
DA:49,8
DA:50,4
DA:51,4
DA:52,4
DA:54,8
DA:56,5
DA:57,2
DA:59,3
DA:60,3
DA:61,3
DA:62,3
DA:63,3
DA:64,2
DA:65,2
DA:67,3
DA:68,3
DA:69,3
DA:70,3
DA:72,8
DA:73,8
DA:75,1
DA:76,1
DA:86,1
DA:88,11
DA:89,10
DA:90,9
DA:91,1
DA:92,1
DA:94,10
DA:104,1
DA:106,5
DA:107,4
DA:113,1
DA:115,0
DA:116,0
DA:130,1
DA:132,10
DA:133,10
DA:137,16
DA:139,1
LF:52
LH:50
BRDA:48,0,0,8
BRDA:48,0,1,5
BRDA:49,1,0,4
BRDA:49,1,1,4
BRDA:56,2,0,2
BRDA:56,2,1,3
BRDA:63,3,0,5
BRDA:63,3,1,2
BRDA:88,4,0,1
BRDA:88,4,1,10
BRDA:89,5,0,9
BRDA:89,5,1,1
BRDA:91,6,0,1
BRDA:91,6,1,0
BRDA:106,7,0,1
BRDA:106,7,1,4
BRDA:137,8,0,16
BRDA:137,8,1,13
BRF:18
BRH:17
end_of_record
TN:
SF:/home/silent/git/libs/v6.js/core/Transform.js
FN:6,Transform
FN:14,save
FN:23,restore
FN:32,setTransform
FN:37,translate
FN:42,rotate
FN:47,scale
FN:66,transform
FNF:8
FNH:2
FNDA:2,Transform
FNDA:0,save
FNDA:0,restore
FNDA:1,setTransform
FNDA:0,translate
FNDA:0,rotate
FNDA:0,scale
FNDA:0,transform
DA:3,1
DA:7,2
DA:8,2
DA:9,2
DA:12,1
DA:15,0
DA:16,0
DA:18,0
DA:24,0
DA:25,0
DA:27,0
DA:33,1
DA:38,0
DA:43,0
DA:48,0
DA:67,0
DA:73,1
LF:17
LH:7
BRDA:15,0,0,0
BRDA:15,0,1,0
BRDA:24,1,0,0
BRDA:24,1,1,0
BRF:4
BRH:0
end_of_record
TN:
SF:/home/silent/git/libs/v6.js/core/math/mat3.js
FN:19,identity
FN:37,setIdentity
FN:60,copy
FN:82,clone
FN:108,translate
FN:125,rotate
FN:154,scale
FN:179,transform
FN:206,setTransform
FNF:9
FNH:6
FNDA:3,identity
FNDA:1,setIdentity
FNDA:1,copy
FNDA:1,clone
FNDA:0,translate
FNDA:0,rotate
FNDA:1,scale
FNDA:0,transform
FNDA:1,setTransform
DA:18,1
DA:20,3
DA:36,1
DA:38,1
DA:39,1
DA:40,1
DA:41,1
DA:42,1
DA:43,1
DA:44,1
DA:45,1
DA:46,1
DA:59,1
DA:61,1
DA:62,1
DA:63,1
DA:64,1
DA:65,1
DA:66,1
DA:67,1
DA:68,1
DA:69,1
DA:81,1
DA:83,1
DA:107,1
DA:109,0
DA:110,0
DA:111,0
DA:124,1
DA:126,0
DA:127,0
DA:128,0
DA:129,0
DA:130,0
DA:131,0
DA:132,0
DA:133,0
DA:134,0
DA:135,0
DA:136,0
DA:137,0
DA:138,0
DA:139,0
DA:153,1
DA:155,1
DA:156,1
DA:157,1
DA:158,1
DA:159,1
DA:160,1
DA:178,1
DA:180,0
DA:181,0
DA:182,0
DA:183,0
DA:184,0
DA:185,0
DA:186,0
DA:187,0
DA:205,1
DA:208,1
DA:210,1
DA:212,1
DA:214,1
DA:216,1
DA:218,1
LF:66
LH:41
BRF:0
BRH:0
end_of_record
TN:
SF:/home/silent/git/libs/v6.js/core/camera/Camera.js
FN:30,Camera
FN:92,_getDestination
FN:116,set
FN:132,get
FN:155,lookAt
FN:177,shouldLookAt
FN:205,update
FN:221,looksAt
FN:246,apply
FN:268,sees
FN:306,zoomOut
FN:330,zoomIn
FN:334,transform
FN:338,translate
FN:344,CHECK
FNF:15
FNH:14
FNDA:39,Camera
FNDA:4,_getDestination
FNDA:16,set
FNDA:29,get
FNDA:5,lookAt
FNDA:3,shouldLookAt
FNDA:1,update
FNDA:1,looksAt
FNDA:1,apply
FNDA:0,sees
FNDA:3,zoomOut
FNDA:3,zoomIn
FNDA:6,transform
FNDA:2,translate
FNDA:29,CHECK
DA:2,1
DA:3,1
DA:33,39
DA:39,39
DA:40,39
DA:45,1
DA:47,39
DA:48,39
DA:49,1
DA:50,1
DA:52,38
DA:53,38
DA:55,39
DA:66,39
DA:73,39
DA:79,39
DA:84,1
DA:93,4
DA:94,4
DA:95,2
DA:97,2
DA:117,16
DA:118,15
DA:119,19
DA:133,29
DA:134,27
DA:156,5
DA:157,5
DA:158,2
DA:160,3
DA:178,3
DA:181,3
DA:182,1
DA:183,1
DA:185,2
DA:186,2
DA:188,3
DA:206,1
DA:207,1
DA:208,1
DA:209,1
DA:222,1
DA:247,1
DA:248,1
DA:249,1
DA:250,1
DA:269,0
DA:270,0
DA:271,0
DA:272,0
DA:273,0
DA:275,0
DA:276,0
DA:278,0
DA:306,3
DA:330,3
DA:335,6
DA:339,2
DA:340,2
DA:341,2
DA:345,29
DA:351,27
DA:353,2
DA:355,1
LF:64
LH:56
BRDA:40,0,0,1
BRDA:40,0,1,38
BRDA:47,1,0,39
BRDA:47,1,1,0
BRDA:48,2,0,1
BRDA:48,2,1,38
BRDA:94,3,0,2
BRDA:94,3,1,2
BRDA:157,4,0,2
BRDA:157,4,1,3
BRDA:181,5,0,1
BRDA:181,5,1,2
BRDA:207,6,0,1
BRDA:207,6,1,0
BRDA:250,7,0,1
BRDA:250,7,1,0
BRDA:272,8,0,0
BRDA:272,8,1,0
BRDA:275,9,0,0
BRDA:275,9,1,0
BRDA:278,10,0,0
BRDA:278,10,1,0
BRDA:278,10,2,0
BRDA:278,10,3,0
BRDA:306,11,0,3
BRDA:306,11,1,0
BRDA:306,12,0,2
BRDA:306,12,1,1
BRDA:330,13,0,3
BRDA:330,13,1,0
BRDA:330,14,0,2
BRDA:330,14,1,1
BRDA:345,15,0,6
BRDA:345,15,1,12
BRDA:345,15,2,16
BRDA:345,15,3,20
BRDA:345,15,4,27
BRF:37
BRH:24
end_of_record
TN:
SF:/home/silent/git/libs/v6.js/core/camera/settings.js
FNF:0
FNH:0
DA:33,1
LF:1
LH:1
BRF:0
BRH:0
end_of_record
TN:
SF:/home/silent/git/libs/v6.js/core/color/HSLA.js
FN:30,HSLA
FN:59,perceivedBrightness
FN:72,luminance
FN:85,brightness
FN:97,toString
FN:114,set
FN:171,rgba
FN:237,lerp
FN:258,lerpColor
FN:271,shade
FN:289,foo
FNF:11
FNH:11
FNDA:33,HSLA
FNDA:1,perceivedBrightness
FNDA:1,luminance
FNDA:1,brightness
FNDA:1,toString
FNDA:33,set
FNDA:9,rgba
FNDA:1,lerp
FNDA:2,lerpColor
FNDA:2,shade
FNDA:27,foo
DA:3,1
DA:5,1
DA:7,1
DA:9,1
DA:47,33
DA:50,1
DA:60,1
DA:73,1
DA:86,1
DA:98,1
DA:115,33
DA:117,5
DA:120,5
DA:121,5
DA:124,5
DA:125,5
DA:126,5
DA:127,5
DA:128,5
DA:130,28
DA:132,15
DA:133,15
DA:134,15
DA:136,1
DA:137,1
DA:138,1
DA:139,1
DA:141,4
DA:142,4
DA:143,4
DA:144,4
DA:146,1
DA:149,8
DA:150,8
DA:151,8
DA:154,28
DA:155,28
DA:156,28
DA:157,28
DA:160,33
DA:172,9
DA:174,9
DA:175,9
DA:176,9
DA:178,9
DA:179,9
DA:180,9
DA:184,9
DA:185,0
DA:187,9
DA:190,9
DA:192,9
DA:193,0
DA:196,9
DA:197,0
DA:200,9
DA:201,5
DA:204,9
DA:205,4
DA:208,9
DA:209,0
DA:212,9
DA:213,0
DA:216,9
DA:217,9
DA:218,9
DA:219,9
DA:221,9
DA:238,1
DA:239,1
DA:240,1
DA:241,1
DA:242,1
DA:259,2
DA:272,2
DA:273,2
DA:274,2
DA:275,2
DA:276,2
DA:277,2
DA:286,1
DA:290,27
DA:291,5
DA:294,22
DA:295,9
DA:298,13
DA:299,4
DA:302,9
LF:88
LH:83
BRDA:115,0,0,5
BRDA:115,0,1,5
BRDA:115,0,2,28
BRDA:119,1,0,28
BRDA:119,1,1,0
BRDA:120,2,0,5
BRDA:120,2,1,0
BRDA:130,3,0,15
BRDA:130,3,1,1
BRDA:130,3,2,4
BRDA:130,3,3,1
BRDA:130,3,4,8
BRDA:184,4,0,0
BRDA:184,4,1,9
BRDA:192,5,0,0
BRDA:192,5,1,9
BRDA:196,6,0,0
BRDA:196,6,1,9
BRDA:200,7,0,5
BRDA:200,7,1,4
BRDA:204,8,0,4
BRDA:204,8,1,5
BRDA:208,9,0,0
BRDA:208,9,1,9
BRDA:212,10,0,0
BRDA:212,10,1,9
BRDA:290,11,0,5
BRDA:290,11,1,22
BRDA:294,12,0,9
BRDA:294,12,1,13
BRDA:298,13,0,4
BRDA:298,13,1,9
BRF:32
BRH:25
end_of_record
TN:
SF:/home/silent/git/libs/v6.js/core/color/internal/parse.js
FN:36,parse
FN:69,formatHex
FN:97,parseHex
FN:123,compactMatch
FN:147,ColorData
FNF:5
FNH:4
FNDA:15,parse
FNDA:2,formatHex
FNDA:7,parseHex
FNDA:0,compactMatch
FNDA:7,ColorData
DA:3,1
DA:5,1
DA:6,1
DA:7,1
DA:9,1
DA:11,1
DA:15,1
DA:37,15
DA:39,15
DA:40,7
DA:41,5
DA:42,2
DA:43,2
DA:44,0
DA:45,0
DA:46,0
DA:47,0
DA:49,0
DA:52,7
DA:55,15
DA:75,2
DA:76,0
DA:79,2
DA:80,2
DA:81,2
DA:82,2
DA:84,2
DA:98,7
DA:99,0
DA:102,7
DA:104,7
DA:124,0
DA:125,0
DA:133,0
DA:148,7
DA:149,7
DA:150,7
DA:151,7
DA:152,7
LF:39
LH:29
BRDA:37,0,0,15
BRDA:37,0,1,7
BRDA:39,1,0,7
BRDA:39,1,1,8
BRDA:40,2,0,5
BRDA:40,2,1,2
BRDA:42,3,0,2
BRDA:42,3,1,0
BRDA:42,4,0,2
BRDA:42,4,1,2
BRDA:44,5,0,0
BRDA:44,5,1,0
BRDA:46,6,0,0
BRDA:46,6,1,0
BRDA:75,7,0,0
BRDA:75,7,1,2
BRDA:76,8,0,0
BRDA:76,8,1,0
BRDA:82,9,0,2
BRDA:82,9,1,2
BRDA:98,10,0,0
BRDA:98,10,1,7
BRDA:124,11,0,0
BRDA:124,11,1,0
BRF:24
BRH:13
end_of_record
TN:
SF:/home/silent/git/libs/v6.js/core/color/RGBA.js
FN:28,RGBA
FN:59,perceivedBrightness
FN:75,luminance
FN:88,brightness
FN:100,toString
FN:128,set
FN:183,hsla
FN:243,rgba
FN:260,lerp
FN:280,lerpColor
FN:310,shade
FNF:11
FNH:10
FNDA:92,RGBA
FNDA:2,perceivedBrightness
FNDA:2,luminance
FNDA:2,brightness
FNDA:11,toString
FNDA:92,set
FNDA:9,hsla
FNDA:0,rgba
FNDA:5,lerp
FNDA:4,lerpColor
FNDA:1,shade
DA:3,1
DA:5,1
DA:7,1
DA:45,92
DA:48,1
DA:60,2
DA:61,2
DA:62,2
DA:63,2
DA:76,2
DA:89,2
DA:101,11
DA:129,92
DA:131,9
DA:134,9
DA:135,0
DA:138,9
DA:139,9
DA:140,9
DA:141,9
DA:142,9
DA:144,83
DA:146,49
DA:147,49
DA:148,49
DA:150,2
DA:151,2
DA:152,2
DA:154,4
DA:155,4
DA:156,4
DA:158,1
DA:161,28
DA:162,28
DA:163,28
DA:166,83
DA:167,83
DA:168,83
DA:169,83
DA:172,92
DA:184,9
DA:186,9
DA:187,9
DA:188,9
DA:190,9
DA:191,9
DA:193,9
DA:197,9
DA:199,9
DA:200,6
DA:201,0
DA:203,6
DA:206,6
DA:208,6
DA:209,4
DA:211,2
DA:214,6
DA:216,0
DA:217,0
DA:219,0
DA:222,6
DA:223,6
DA:225,3
DA:228,9
DA:229,9
DA:230,9
DA:231,9
DA:233,9
DA:244,0
DA:261,5
DA:262,5
DA:263,5
DA:264,5
DA:285,4
DA:286,1
DA:289,4
DA:290,2
DA:293,4
DA:294,4
DA:295,4
DA:297,4
DA:311,1
DA:320,1
LF:83
LH:77
BRDA:129,0,0,9
BRDA:129,0,1,9
BRDA:129,0,2,83
BRDA:133,1,0,83
BRDA:133,1,1,0
BRDA:134,2,0,0
BRDA:134,2,1,9
BRDA:144,3,0,49
BRDA:144,3,1,2
BRDA:144,3,2,4
BRDA:144,3,3,1
BRDA:144,3,4,28
BRDA:199,4,0,6
BRDA:199,4,1,3
BRDA:200,5,0,0
BRDA:200,5,1,6
BRDA:206,6,0,6
BRDA:206,6,1,0
BRDA:206,6,2,0
BRDA:208,7,0,4
BRDA:208,7,1,2
BRDA:285,8,0,1
BRDA:285,8,1,3
BRDA:289,9,0,2
BRDA:289,9,1,2
BRF:25
BRH:20
end_of_record
TN:
SF:/home/silent/git/libs/v6.js/core/color/internal/colors.js
FNF:0
FNH:0
DA:5,1
DA:80,1
LF:2
LH:2
BRF:0
BRH:0
end_of_record
TN:
SF:/home/silent/git/libs/v6.js/core/constants.js
FN:22,add
FN:39,get
FNF:2
FNH:2
FNDA:13,add
FNDA:75,get
DA:10,1
DA:11,1
DA:23,13
DA:24,1
DA:27,12
DA:40,75
DA:41,1
DA:44,74
DA:47,1
DA:60,1
DA:61,1
LF:11
LH:11
BRDA:23,0,0,1
BRDA:23,0,1,12
BRDA:40,1,0,1
BRDA:40,1,1,74
BRF:4
BRH:4
end_of_record
TN:
SF:/home/silent/git/libs/v6.js/core/image/AbstractImage.js
FN:13,AbstractImage
FNF:1
FNH:1
FNDA:1,AbstractImage
DA:3,1
DA:38,1
DA:41,1
DA:42,1
DA:50,1
LF:5
LH:5
BRF:0
BRH:0
end_of_record
TN:
SF:/home/silent/git/libs/v6.js/core/image/CompoundedImage.js
FN:17,CompoundedImage
FN:35,get
FNF:2
FNH:2
FNDA:7,CompoundedImage
FNDA:3,get
DA:3,1
DA:18,7
DA:19,7
DA:20,7
DA:21,7
DA:22,7
DA:23,7
DA:24,7
DA:27,1
DA:28,1
DA:34,1
DA:36,3
DA:39,1
LF:13
LH:13
BRF:0
BRH:0
end_of_record
TN:
SF:/home/silent/git/libs/v6.js/core/image/Image.js
FN:29,Image
FN:45,onload
FN:62,_init
FN:75,get
FN:94,complete
FN:106,src
FN:119,fromURL
FN:136,stretch
FN:164,cut
FNF:9
FNH:9
FNDA:13,Image
FNDA:3,onload
FNDA:12,_init
FNDA:7,get
FNDA:1,complete
FNDA:1,src
FNDA:1,fromURL
FNDA:2,stretch
FNDA:3,cut
DA:3,1
DA:4,1
DA:30,13
DA:32,13
DA:33,1
DA:39,12
DA:41,12
DA:42,9
DA:44,3
DA:46,3
DA:47,3
DA:52,1
DA:53,1
DA:61,1
DA:63,12
DA:64,12
DA:65,12
DA:66,12
DA:67,12
DA:74,1
DA:76,7
DA:93,1
DA:95,1
DA:105,1
DA:107,1
DA:118,1
DA:120,1
DA:121,1
DA:122,1
DA:135,1
DA:137,2
DA:140,2
DA:141,1
DA:145,1
DA:148,2
DA:163,1
DA:165,3
DA:166,3
DA:168,3
DA:170,3
DA:171,0
DA:174,3
DA:176,3
DA:177,0
DA:180,3
DA:183,1
LF:46
LH:44
BRDA:32,0,0,1
BRDA:32,0,1,12
BRDA:41,1,0,9
BRDA:41,1,1,3
BRDA:95,2,0,1
BRDA:95,2,1,1
BRDA:140,3,0,1
BRDA:140,3,1,1
BRDA:170,4,0,0
BRDA:170,4,1,3
BRDA:176,5,0,0
BRDA:176,5,1,3
BRF:12
BRH:10
end_of_record
TN:
SF:/home/silent/git/libs/v6.js/core/internal/_Float32Array.js
FNF:0
FNH:0
DA:3,1
DA:4,1
DA:6,0
LF:3
LH:2
BRDA:3,0,0,1
BRDA:3,0,1,0
BRF:2
BRH:1
end_of_record
TN:
SF:/home/silent/git/libs/v6.js/core/internal/create_array.js
FN:12,createArray
FN:17,createArray
FNF:2
FNH:1
FNDA:1,createArray
FNDA:0,createArray
DA:10,1
DA:11,1
DA:13,1
DA:16,0
DA:18,0
LF:5
LH:3
BRDA:10,0,0,1
BRDA:10,0,1,0
BRF:2
BRH:1
end_of_record
TN:
SF:/home/silent/git/libs/v6.js/core/internal/create_polygon.js
FN:14,createPolygon
FNF:1
FNH:0
FNDA:0,createPolygon
DA:3,1
DA:15,0
DA:16,0
DA:17,0
DA:19,0
DA:20,0
DA:21,0
DA:24,0
DA:27,1
LF:9
LH:2
BRF:0
BRH:0
end_of_record
TN:
SF:/home/silent/git/libs/v6.js/core/internal/polygons.js
FNF:0
FNH:0
LF:0
LH:0
BRF:0
BRH:0
end_of_record
TN:
SF:/home/silent/git/libs/v6.js/core/internal/report.js
FN:12,report
FNF:1
FNH:0
FNDA:0,report
DA:3,1
DA:8,1
DA:9,1
DA:11,1
DA:13,0
DA:14,0
DA:17,0
DA:18,0
DA:21,0
DA:24,1
LF:10
LH:5
BRDA:8,0,0,1
BRDA:8,0,1,0
BRDA:8,1,0,1
BRDA:8,1,1,1
BRDA:13,2,0,0
BRDA:13,2,1,0
BRF:6
BRH:3
end_of_record
TN:
SF:/home/silent/git/libs/v6.js/core/math/AbstractVector.js
FN:19,AbstractVector
FN:32,normalize
FN:53,setAngle
FN:75,setMag
FN:90,rotate
FN:119,getAngle
FN:136,limit
FN:154,mag
FN:207,_fromAngle
FNF:9
FNH:3
FNDA:1,AbstractVector
FNDA:0,normalize
FNDA:0,setAngle
FNDA:0,setMag
FNDA:0,rotate
FNDA:0,getAngle
FNDA:0,limit
FNDA:5,mag
FNDA:7,_fromAngle
DA:3,1
DA:20,1
DA:23,1
DA:33,0
DA:35,0
DA:36,0
DA:39,0
DA:54,0
DA:56,0
DA:57,0
DA:60,0
DA:61,0
DA:63,0
DA:76,0
DA:91,0
DA:92,0
DA:96,0
DA:97,0
DA:100,0
DA:101,0
DA:103,0
DA:104,0
DA:106,0
DA:120,0
DA:121,0
DA:124,0
DA:137,0
DA:139,0
DA:140,0
DA:143,0
DA:155,5
DA:206,1
DA:208,7
DA:209,3
DA:212,7
DA:232,1
LF:36
LH:9
BRDA:35,0,0,0
BRDA:35,0,1,0
BRDA:35,1,0,0
BRDA:35,1,1,0
BRDA:56,2,0,0
BRDA:56,2,1,0
BRDA:96,3,0,0
BRDA:96,3,1,0
BRDA:120,4,0,0
BRDA:120,4,1,0
BRDA:139,5,0,0
BRDA:139,5,1,0
BRDA:208,6,0,3
BRDA:208,6,1,4
BRF:14
BRH:2
end_of_record
TN:
SF:/home/silent/git/libs/v6.js/core/settings.js
FNF:0
FNH:0
DA:12,1
LF:1
LH:1
BRF:0
BRH:0
end_of_record
TN:
SF:/home/silent/git/libs/v6.js/core/math/Vector2D.js
FN:17,Vector2D
FN:48,set
FN:64,add
FN:80,sub
FN:95,mul
FN:110,div
FN:125,dot
FN:141,(anonymous_7)
FN:156,setVector
FN:169,addVector
FN:182,subVector
FN:195,mulVector
FN:210,divVector
FN:224,dotVector
FN:238,lerpVector
FN:247,magSq
FN:256,clone
FN:265,dist
FN:276,toString
FN:285,random
FN:302,fromAngle
FNF:21
FNH:21
FNDA:51,Vector2D
FNDA:56,set
FNDA:5,add
FNDA:5,sub
FNDA:1,mul
FNDA:1,div
FNDA:5,dot
FNDA:4,(anonymous_7)
FNDA:3,setVector
FNDA:3,addVector
FNDA:3,subVector
FNDA:2,mulVector
FNDA:2,divVector
FNDA:3,dotVector
FNDA:3,lerpVector
FNDA:4,magSq
FNDA:1,clone
FNDA:2,dist
FNDA:1,toString
FNDA:2,random
FNDA:4,fromAngle
DA:3,1
DA:4,1
DA:32,51
DA:35,1
DA:36,1
DA:47,1
DA:49,56
DA:50,56
DA:51,56
DA:63,1
DA:65,5
DA:66,5
DA:67,5
DA:79,1
DA:81,5
DA:82,5
DA:83,5
DA:94,1
DA:96,1
DA:97,1
DA:98,1
DA:109,1
DA:111,1
DA:112,1
DA:113,1
DA:124,1
DA:126,5
DA:140,1
DA:142,4
DA:143,4
DA:144,4
DA:155,1
DA:157,3
DA:168,1
DA:170,3
DA:181,1
DA:183,3
DA:194,1
DA:196,2
DA:197,2
DA:198,2
DA:209,1
DA:211,2
DA:212,2
DA:213,2
DA:223,1
DA:225,3
DA:237,1
DA:239,3
DA:246,1
DA:248,4
DA:255,1
DA:257,1
DA:264,1
DA:266,2
DA:267,2
DA:268,2
DA:275,1
DA:277,1
DA:284,1
DA:288,2
DA:289,1
DA:291,1
DA:294,2
DA:301,1
DA:303,4
DA:306,1
LF:67
LH:67
BRDA:49,0,0,56
BRDA:49,0,1,6
BRDA:50,1,0,56
BRDA:50,1,1,6
BRDA:65,2,0,5
BRDA:65,2,1,2
BRDA:66,3,0,5
BRDA:66,3,1,2
BRDA:81,4,0,5
BRDA:81,4,1,2
BRDA:82,5,0,5
BRDA:82,5,1,2
BRDA:126,6,0,5
BRDA:126,6,1,2
BRDA:127,7,0,5
BRDA:127,7,1,2
BRDA:142,8,0,4
BRDA:142,8,1,1
BRDA:143,9,0,4
BRDA:143,9,1,1
BRDA:288,10,0,1
BRDA:288,10,1,1
BRF:22
BRH:22
end_of_record
TN:
SF:/home/silent/git/libs/v6.js/core/math/Vector3D.js
FN:17,Vector3D
FN:56,set
FN:74,add
FN:92,sub
FN:108,mul
FN:124,div
FN:141,dot
FN:159,(anonymous_7)
FN:175,setVector
FN:188,addVector
FN:201,subVector
FN:214,mulVector
FN:230,divVector
FN:245,dotVector
FN:259,lerpVector
FN:268,magSq
FN:277,clone
FN:286,dist
FN:298,toString
FN:307,random
FN:320,fromAngle
FNF:21
FNH:20
FNDA:30,Vector3D
FNDA:32,set
FNDA:2,add
FNDA:2,sub
FNDA:1,mul
FNDA:1,div
FNDA:2,dot
FNDA:2,(anonymous_7)
FNDA:1,setVector
FNDA:1,addVector
FNDA:1,subVector
FNDA:1,mulVector
FNDA:1,divVector
FNDA:1,dotVector
FNDA:1,lerpVector
FNDA:3,magSq
FNDA:1,clone
FNDA:0,dist
FNDA:1,toString
FNDA:1,random
FNDA:1,fromAngle
DA:3,1
DA:39,30
DA:42,1
DA:43,1
DA:55,1
DA:57,32
DA:58,32
DA:59,32
DA:60,32
DA:73,1
DA:75,2
DA:76,2
DA:77,2
DA:78,2
DA:91,1
DA:93,2
DA:94,2
DA:95,2
DA:96,2
DA:107,1
DA:109,1
DA:110,1
DA:111,1
DA:112,1
DA:123,1
DA:125,1
DA:126,1
DA:127,1
DA:128,1
DA:140,1
DA:142,2
DA:158,1
DA:160,2
DA:161,2
DA:162,2
DA:163,2
DA:174,1
DA:176,1
DA:187,1
DA:189,1
DA:200,1
DA:202,1
DA:213,1
DA:215,1
DA:216,1
DA:217,1
DA:218,1
DA:229,1
DA:231,1
DA:232,1
DA:233,1
DA:234,1
DA:244,1
DA:246,1
DA:258,1
DA:260,1
DA:267,1
DA:269,3
DA:276,1
DA:278,1
DA:285,1
DA:287,0
DA:288,0
DA:289,0
DA:290,0
DA:297,1
DA:299,1
DA:306,1
DA:309,1
DA:310,1
DA:311,1
DA:312,1
DA:319,1
DA:321,1
DA:324,1
LF:75
LH:71
BRDA:57,0,0,32
BRDA:57,0,1,7
BRDA:58,1,0,32
BRDA:58,1,1,7
BRDA:59,2,0,32
BRDA:59,2,1,8
BRDA:75,3,0,2
BRDA:75,3,1,0
BRDA:76,4,0,2
BRDA:76,4,1,0
BRDA:77,5,0,2
BRDA:77,5,1,0
BRDA:93,6,0,2
BRDA:93,6,1,0
BRDA:94,7,0,2
BRDA:94,7,1,0
BRDA:95,8,0,2
BRDA:95,8,1,0
BRDA:142,9,0,2
BRDA:142,9,1,0
BRDA:143,10,0,2
BRDA:143,10,1,0
BRDA:144,11,0,2
BRDA:144,11,1,0
BRDA:160,12,0,2
BRDA:160,12,1,0
BRDA:161,13,0,2
BRDA:161,13,1,0
BRDA:162,14,0,2
BRDA:162,14,1,0
BRF:30
BRH:18
end_of_record
TN:
SF:/home/silent/git/libs/v6.js/core/renderer/AbstractRenderer.js
FN:25,AbstractRenderer
FN:39,appendTo
FN:52,destroy
FN:65,push
FN:82,pop
FN:101,resize
FN:120,resizeTo
FN:140,drawPolygon
FN:170,polygon
FN:197,image
FN:226,beginShape
FN:255,vertex
FN:277,endShape
FN:304,save
FN:317,restore
FN:330,setTransform
FN:343,translate
FN:357,rotate
FN:373,scale
FN:386,transform
FN:400,lineWidth
FN:416,backgroundPositionX
FN:429,backgroundPositionY
FN:439,rectAlignX
FN:449,rectAlignY
FN:467,stroke
FN:485,fill
FN:494,noStroke
FN:503,noFill
FN:642,create
FNF:30
FNH:10
FNDA:1,AbstractRenderer
FNDA:19,appendTo
FNDA:2,destroy
FNDA:1,push
FNDA:1,pop
FNDA:19,resize
FNDA:14,resizeTo
FNDA:0,drawPolygon
FNDA:0,polygon
FNDA:0,image
FNDA:0,beginShape
FNDA:0,vertex
FNDA:0,endShape
FNDA:0,save
FNDA:0,restore
FNDA:0,setTransform
FNDA:0,translate
FNDA:0,rotate
FNDA:0,scale
FNDA:0,transform
FNDA:0,lineWidth
FNDA:0,backgroundPositionX
FNDA:0,backgroundPositionY
FNDA:0,rectAlignX
FNDA:0,rectAlignY
FNDA:2,stroke
FNDA:2,fill
FNDA:0,noStroke
FNDA:0,noFill
FNDA:17,create
DA:2,1
DA:3,1
DA:4,1
DA:5,1
DA:6,1
DA:7,1
DA:8,1
DA:9,1
DA:10,1
DA:11,1
DA:12,1
DA:13,1
DA:14,1
DA:26,1
DA:28,1
DA:40,19
DA:41,19
DA:53,2
DA:54,2
DA:66,1
DA:67,0
DA:69,1
DA:71,1
DA:83,1
DA:84,1
DA:86,0
DA:88,1
DA:102,19
DA:103,19
DA:104,19
DA:105,19
DA:106,19
DA:107,19
DA:108,19
DA:121,14
DA:141,0
DA:142,0
DA:143,0
DA:145,0
DA:146,0
DA:148,0
DA:149,0
DA:150,0
DA:151,0
DA:152,0
DA:153,0
DA:171,0
DA:172,0
DA:174,0
DA:175,0
DA:177,0
DA:179,0
DA:198,0
DA:199,0
DA:200,0
DA:202,0
DA:203,0
DA:205,0
DA:206,0
DA:207,0
DA:209,0
DA:227,0
DA:228,0
DA:230,0
DA:231,0
DA:232,0
DA:233,0
DA:235,0
DA:237,0
DA:256,0
DA:257,0
DA:258,0
DA:280,0
DA:281,0
DA:283,0
DA:284,0
DA:286,0
DA:287,0
DA:288,0
DA:290,0
DA:292,0
DA:293,0
DA:305,0
DA:306,0
DA:318,0
DA:319,0
DA:331,0
DA:332,0
DA:344,0
DA:345,0
DA:358,0
DA:359,0
DA:361,0
DA:362,0
DA:374,0
DA:375,0
DA:387,0
DA:388,0
DA:401,0
DA:402,0
DA:416,0
DA:429,0
DA:439,0
DA:449,0
DA:467,2
DA:485,2
DA:494,0
DA:503,0
DA:641,1
DA:648,17
DA:649,0
DA:651,17
DA:652,17
DA:654,17
DA:655,15
DA:656,2
DA:657,0
DA:658,2
DA:659,0
DA:665,17
DA:673,17
DA:678,17
DA:686,17
DA:694,17
DA:703,17
DA:712,17
DA:721,17
DA:722,17
DA:723,14
DA:724,3
DA:725,2
DA:727,17
DA:728,3
DA:729,14
DA:730,13
DA:732,1
DA:734,17
DA:736,1
LF:138
LH:62
BRDA:66,0,0,0
BRDA:66,0,1,1
BRDA:83,1,0,1
BRDA:83,1,1,0
BRDA:142,2,0,0
BRDA:142,2,1,0
BRDA:145,3,0,0
BRDA:145,3,1,0
BRDA:171,4,0,0
BRDA:171,4,1,0
BRDA:174,5,0,0
BRDA:174,5,1,0
BRDA:198,6,0,0
BRDA:198,6,1,0
BRDA:199,7,0,0
BRDA:199,7,1,0
BRDA:202,8,0,0
BRDA:202,8,1,0
BRDA:227,9,0,0
BRDA:227,9,1,0
BRDA:232,10,0,0
BRDA:232,10,1,0
BRDA:280,11,0,0
BRDA:280,11,1,0
BRDA:283,12,0,0
BRDA:283,12,1,0
BRDA:283,13,0,0
BRDA:283,13,1,0
BRDA:286,14,0,0
BRDA:286,14,1,0
BRDA:358,15,0,0
BRDA:358,15,1,0
BRDA:416,16,0,0
BRDA:416,16,1,0
BRDA:416,17,0,0
BRDA:416,17,1,0
BRDA:416,18,0,0
BRDA:416,18,1,0
BRDA:416,19,0,0
BRDA:416,19,1,0
BRDA:416,20,0,0
BRDA:416,20,1,0
BRDA:416,21,0,0
BRDA:416,21,1,0
BRDA:416,22,0,0
BRDA:416,22,1,0
BRDA:429,23,0,0
BRDA:429,23,1,0
BRDA:429,24,0,0
BRDA:429,24,1,0
BRDA:429,25,0,0
BRDA:429,25,1,0
BRDA:429,26,0,0
BRDA:429,26,1,0
BRDA:429,27,0,0
BRDA:429,27,1,0
BRDA:429,28,0,0
BRDA:429,28,1,0
BRDA:429,29,0,0
BRDA:429,29,1,0
BRDA:439,30,0,0
BRDA:439,30,1,0
BRDA:439,31,0,0
BRDA:439,31,1,0
BRDA:439,31,2,0
BRDA:449,32,0,0
BRDA:449,32,1,0
BRDA:449,33,0,0
BRDA:449,33,1,0
BRDA:449,33,2,0
BRDA:467,34,0,0
BRDA:467,34,1,2
BRDA:467,35,0,2
BRDA:467,35,1,0
BRDA:467,36,0,2
BRDA:467,36,1,0
BRDA:485,37,0,0
BRDA:485,37,1,2
BRDA:485,38,0,2
BRDA:485,38,1,0
BRDA:485,39,0,2
BRDA:485,39,1,0
BRDA:648,40,0,0
BRDA:648,40,1,17
BRDA:654,41,0,15
BRDA:654,41,1,2
BRDA:656,42,0,0
BRDA:656,42,1,2
BRDA:658,43,0,0
BRDA:658,43,1,2
BRDA:722,44,0,14
BRDA:722,44,1,3
BRDA:724,45,0,2
BRDA:724,45,1,1
BRDA:727,46,0,3
BRDA:727,46,1,14
BRDA:727,47,0,17
BRDA:727,47,1,14
BRDA:728,48,0,3
BRDA:728,48,1,1
BRDA:728,49,0,3
BRDA:728,49,1,1
BRDA:729,50,0,13
BRDA:729,50,1,1
BRDA:730,51,0,13
BRDA:730,51,1,12
BRF:106
BRH:29
end_of_record
TN:
SF:/home/silent/git/libs/v6.js/core/renderer/internal/set_default_drawing_settings.js
FN:17,setDefaultDrawingSettings
FNF:1
FNH:1
FNDA:18,setDefaultDrawingSettings
DA:3,1
DA:4,1
DA:19,18
DA:21,18
DA:22,18
DA:24,18
DA:28,1
LF:7
LH:7
BRF:0
BRH:0
end_of_record
TN:
SF:/home/silent/git/libs/v6.js/core/renderer/internal/default_drawing_settings.js
FNF:0
FNH:0
DA:3,1
DA:5,1
DA:15,1
LF:3
LH:3
BRF:0
BRH:0
end_of_record
TN:
SF:/home/silent/git/libs/v6.js/core/renderer/internal/copy_drawing_settings.js
FN:14,copyDrawingSettings
FNF:1
FNH:1
FNDA:19,copyDrawingSettings
DA:15,19
DA:16,0
DA:17,0
DA:18,0
DA:19,0
DA:20,0
DA:21,0
DA:22,0
DA:23,0
DA:26,19
DA:27,19
DA:28,19
DA:29,19
DA:30,19
DA:31,19
DA:32,19
DA:34,19
DA:37,1
LF:18
LH:10
BRDA:15,0,0,0
BRDA:15,0,1,19
BRF:2
BRH:1
end_of_record
TN:
SF:/home/silent/git/libs/v6.js/core/renderer/internal/get_webgl.js
FN:12,getWebGL
FNF:1
FNH:1
FNDA:1,getWebGL
DA:3,1
DA:13,1
DA:14,1
DA:16,1
DA:17,1
DA:18,0
DA:19,0
DA:23,1
DA:24,1
DA:27,1
LF:10
LH:8
BRDA:16,0,0,1
BRDA:16,0,1,0
BRDA:18,1,0,0
BRDA:18,1,1,0
BRF:4
BRH:1
end_of_record
TN:
SF:/home/silent/git/libs/v6.js/core/renderer/internal/process_rect_align.js
FN:13,processRectAlignX
FN:22,processRectAlignY
FNF:2
FNH:2
FNDA:1,processRectAlignX
FNDA:1,processRectAlignY
DA:4,1
DA:13,1
DA:22,1
LF:3
LH:3
BRDA:13,0,0,0
BRDA:13,0,1,1
BRDA:13,1,0,0
BRDA:13,1,1,1
BRDA:13,2,0,0
BRDA:13,2,1,1
BRDA:22,3,0,0
BRDA:22,3,1,1
BRDA:22,4,0,0
BRDA:22,4,1,1
BRDA:22,5,0,0
BRDA:22,5,1,1
BRF:12
BRH:6
end_of_record
TN:
SF:/home/silent/git/libs/v6.js/core/renderer/internal/process_shape.js
FN:14,processShape
FNF:1
FNH:0
FNDA:0,processShape
DA:3,1
DA:15,0
DA:16,0
DA:19,0
DA:22,1
LF:5
LH:2
BRDA:15,0,0,0
BRDA:15,0,1,0
BRDA:15,1,0,0
BRDA:15,1,1,0
BRDA:15,1,2,0
BRF:5
BRH:0
end_of_record
TN:
SF:/home/silent/git/libs/v6.js/core/renderer/internal/close_shape.js
FN:11,closeShape
FNF:1
FNH:0
FNDA:0,closeShape
DA:12,0
DA:13,0
DA:14,0
DA:18,1
LF:4
LH:1
BRDA:12,0,0,0
BRDA:12,0,1,0
BRF:2
BRH:0
end_of_record
TN:
SF:/home/silent/git/libs/v6.js/core/renderer/settings.js
FNF:0
FNH:0
DA:3,1
DA:4,1
DA:16,1
DA:25,1
DA:31,1
DA:37,1
DA:43,1
DA:49,1
LF:8
LH:8
BRF:0
BRH:0
end_of_record
TN:
SF:/home/silent/git/libs/v6.js/core/renderer/Renderer2D.js
FN:25,Renderer2D
FN:43,backgroundColor
FN:61,backgroundImage
FN:81,clear
FN:91,drawArrays
FN:126,drawImage
FN:136,rect
FN:159,arc
FN:179,line
FN:194,point
FN:213,_fill
FN:224,_stroke
FNF:12
FNH:8
FNDA:13,Renderer2D
FNDA:0,backgroundColor
FNDA:0,backgroundImage
FNDA:1,clear
FNDA:0,drawArrays
FNDA:0,drawImage
FNDA:1,rect
FNDA:1,arc
FNDA:1,line
FNDA:1,point
FNDA:2,_fill
FNDA:3,_stroke
DA:3,1
DA:5,1
DA:7,1
DA:8,1
DA:10,1
DA:11,1
DA:26,13
DA:32,13
DA:35,1
DA:36,1
DA:42,1
DA:44,0
DA:45,0
DA:47,0
DA:48,0
DA:49,0
DA:50,0
DA:51,0
DA:53,0
DA:60,1
DA:62,0
DA:63,0
DA:65,0
DA:66,0
DA:68,0
DA:70,0
DA:71,0
DA:73,0
DA:80,1
DA:82,1
DA:83,1
DA:90,1
DA:92,0
DA:95,0
DA:96,0
DA:99,0
DA:100,0
DA:103,0
DA:104,0
DA:106,0
DA:107,0
DA:110,0
DA:111,0
DA:114,0
DA:115,0
DA:118,0
DA:125,1
DA:127,0
DA:128,0
DA:135,1
DA:137,1
DA:138,1
DA:140,1
DA:141,1
DA:143,1
DA:144,1
DA:147,1
DA:148,1
DA:151,1
DA:158,1
DA:160,1
DA:161,1
DA:163,1
DA:164,1
DA:167,1
DA:168,1
DA:171,1
DA:178,1
DA:180,1
DA:181,1
DA:182,1
DA:183,1
DA:186,1
DA:193,1
DA:195,1
DA:197,1
DA:198,1
DA:199,1
DA:200,1
DA:201,1
DA:204,1
DA:212,1
DA:214,2
DA:215,2
DA:223,1
DA:225,3
DA:227,3
DA:229,3
DA:230,0
DA:233,3
DA:236,1
LF:91
LH:58
BRDA:95,0,0,0
BRDA:95,0,1,0
BRDA:99,1,0,0
BRDA:99,1,1,0
BRDA:110,2,0,0
BRDA:110,2,1,0
BRDA:114,3,0,0
BRDA:114,3,1,0
BRDA:114,4,0,0
BRDA:114,4,1,0
BRDA:143,5,0,1
BRDA:143,5,1,0
BRDA:147,6,0,1
BRDA:147,6,1,0
BRDA:147,7,0,1
BRDA:147,7,1,1
BRDA:163,8,0,1
BRDA:163,8,1,0
BRDA:167,9,0,1
BRDA:167,9,1,0
BRDA:167,10,0,1
BRDA:167,10,1,1
BRDA:180,11,0,1
BRDA:180,11,1,0
BRDA:180,12,0,1
BRDA:180,12,1,1
BRDA:197,13,0,1
BRDA:197,13,1,0
BRDA:197,14,0,1
BRDA:197,14,1,1
BRDA:229,15,0,0
BRDA:229,15,1,3
BRF:32
BRH:15
end_of_record
TN:
SF:/home/silent/git/libs/v6.js/core/renderer/RendererGL.js
FN:37,RendererGL
FN:80,resize
FN:92,blending
FN:122,_clear
FN:133,backgroundColor
FN:144,clear
FN:154,drawArrays
FN:193,_fill
FN:206,_stroke
FN:219,arc
FN:228,line
FN:242,point
FN:271,rect
FNF:13
FNH:3
FNDA:1,RendererGL
FNDA:2,resize
FNDA:1,blending
FNDA:0,_clear
FNDA:0,backgroundColor
FNDA:0,clear
FNDA:0,drawArrays
FNDA:0,_fill
FNDA:0,_stroke
FNDA:0,arc
FNDA:0,line
FNDA:0,point
FNDA:0,rect
DA:3,1
DA:5,1
DA:7,1
DA:8,1
DA:9,1
DA:10,1
DA:12,1
DA:13,1
DA:15,1
DA:16,1
DA:18,1
DA:38,1
DA:44,1
DA:52,1
DA:57,1
DA:58,1
DA:65,1
DA:69,1
DA:72,1
DA:73,1
DA:79,1
DA:81,2
DA:82,2
DA:83,2
DA:91,1
DA:93,1
DA:95,1
DA:96,1
DA:97,1
DA:98,1
DA:99,1
DA:101,0
DA:102,0
DA:103,0
DA:106,1
DA:121,1
DA:123,0
DA:124,0
DA:125,0
DA:132,1
DA:134,0
DA:135,0
DA:136,0
DA:143,1
DA:145,0
DA:146,0
DA:153,1
DA:155,0
DA:156,0
DA:158,0
DA:159,0
DA:162,0
DA:163,0
DA:164,0
DA:167,0
DA:168,0
DA:171,0
DA:172,0
DA:175,0
DA:181,0
DA:182,0
DA:184,0
DA:192,1
DA:194,0
DA:195,0
DA:196,0
DA:205,1
DA:207,0
DA:208,0
DA:209,0
DA:210,0
DA:218,1
DA:220,0
DA:227,1
DA:229,0
DA:234,0
DA:241,1
DA:243,0
DA:244,0
DA:245,0
DA:246,0
DA:248,0
DA:249,0
DA:250,0
DA:252,0
DA:259,0
DA:260,0
DA:261,0
DA:263,0
DA:270,1
DA:272,0
DA:273,0
DA:274,0
DA:275,0
DA:276,0
DA:277,0
DA:278,0
DA:279,0
DA:280,0
DA:283,1
LF:100
LH:43
BRDA:95,0,0,1
BRDA:95,0,1,0
BRDA:158,1,0,0
BRDA:158,1,1,0
BRDA:162,2,0,0
BRDA:162,2,1,0
BRDA:163,3,0,0
BRDA:163,3,1,0
BRDA:171,4,0,0
BRDA:171,4,1,0
BRDA:194,5,0,0
BRDA:194,5,1,0
BRDA:207,6,0,0
BRDA:207,6,1,0
BRDA:207,7,0,0
BRDA:207,7,1,0
BRF:16
BRH:1
end_of_record
TN:
SF:/home/silent/git/libs/v6.js/core/shaders.js
FNF:0
FNH:0
DA:15,1
DA:27,1
LF:2
LH:2
BRF:0
BRH:0
end_of_record
TN:
SF:/home/silent/git/libs/v6.js/core/renderer/create_renderer.js
FN:30,createRenderer
FNF:1
FNH:1
FNDA:4,createRenderer
DA:3,1
DA:5,1
DA:7,1
DA:8,1
DA:10,1
DA:11,1
DA:12,1
DA:31,4
DA:33,4
DA:34,1
DA:37,4
DA:38,1
DA:39,1
DA:42,0
DA:45,3
DA:46,3
DA:49,0
DA:52,1
LF:18
LH:16
BRDA:31,0,0,4
BRDA:31,0,1,3
BRDA:31,0,2,1
BRDA:33,1,0,1
BRDA:33,1,1,3
BRDA:37,2,0,1
BRDA:37,2,1,3
BRDA:38,3,0,1
BRDA:38,3,1,0
BRDA:45,4,0,3
BRDA:45,4,1,0
BRDA:45,5,0,3
BRDA:45,5,1,0
BRF:13
BRH:10
end_of_record
TN:
SF:/home/silent/git/libs/v6.js/core/renderer/internal/get_renderer_type.js
FN:19,getRendererType
FNF:1
FNH:1
FNDA:1,getRendererType
DA:3,1
DA:5,1
DA:8,1
DA:11,1
DA:12,1
DA:23,1
DA:24,1
DA:29,1
DA:30,1
DA:33,1
DA:34,0
DA:37,1
DA:40,1
LF:13
LH:12
BRDA:8,0,0,1
BRDA:8,0,1,0
BRDA:23,1,0,1
BRDA:23,1,1,0
BRDA:24,2,0,1
BRDA:24,2,1,1
BRDA:24,2,2,0
BRDA:29,3,0,1
BRDA:29,3,1,0
BRDA:33,4,0,0
BRDA:33,4,1,1
BRDA:33,5,0,1
BRDA:33,5,1,0
BRF:13
BRH:7
end_of_record
TN:
SF:/home/silent/git/libs/v6.js/core/renderer/shapes/draw_lines.js
FN:9,drawLines
FNF:1
FNH:0
FNDA:0,drawLines
DA:10,0
DA:13,1
LF:2
LH:1
BRF:0
BRH:0
end_of_record
TN:
SF:/home/silent/git/libs/v6.js/core/renderer/shapes/draw_points.js
FN:9,drawPoints
FNF:1
FNH:0
FNDA:0,drawPoints
DA:10,0
DA:13,1
LF:2
LH:1
BRF:0
BRH:0
end_of_record
TN:
SF:/home/silent/git/libs/v6.js/index.js
FNF:0
FNH:0
DA:13,1
DA:14,1
DA:15,1
DA:16,1
DA:17,1
DA:18,1
DA:19,1
DA:20,1
DA:21,1
DA:22,1
DA:23,1
DA:24,1
DA:25,1
DA:26,1
DA:27,1
DA:28,1
DA:29,1
DA:30,1
DA:31,1
DA:46,1
DA:62,1
DA:68,1
DA:69,1
LF:23
LH:23
BRDA:68,0,0,1
BRDA:68,0,1,0
BRF:2
BRH:1
end_of_record
